<?xml version="1.0" encoding="UTF-8"?><testsuite errors="0" failures="0" name="com.playground.categories.CategoriesCURDWithSteps" skipped="0" tests="4" time="7.06" timestamp="2022-06-21T18:52:25.288+01:00[Europe/London]"><testcase classname="com.playground.categories.CategoriesCURDWithSteps" name="This will create a new category"/><testcase classname="com.playground.categories.CategoriesCURDWithSteps" name="Verify if the category was added to the application"/><testcase classname="com.playground.categories.CategoriesCURDWithSteps" name="Update the category information and verify the updated information"/><testcase classname="com.playground.categories.CategoriesCURDWithSteps" name="Delete the category and verify if the category is deleted!"/></testsuite>