<?xml version="1.0" encoding="UTF-8"?><testsuite errors="0" failures="0" name="com.playground.stores.StoresCRUD_WithSteps" skipped="0" tests="4" time="0.27" timestamp="2022-06-21T18:52:39.261+01:00[Europe/London]"><testcase classname="com.playground.stores.StoresCRUD_WithSteps" name="This will create a new store"/><testcase classname="com.playground.stores.StoresCRUD_WithSteps" name="Verify if the store was added to the application"/><testcase classname="com.playground.stores.StoresCRUD_WithSteps" name="Update the store information and verify the updated information"/><testcase classname="com.playground.stores.StoresCRUD_WithSteps" name="Delete the store and verify if the store is deleted!"/></testsuite>