<?xml version="1.0" encoding="UTF-8"?><testsuite errors="0" failures="0" name="com.playground.services.ServiceCURDWithSteps" skipped="0" tests="4" time="0.37" timestamp="2022-06-21T18:52:38.776+01:00[Europe/London]"><testcase classname="com.playground.services.ServiceCURDWithSteps" name="This will create a new service"/><testcase classname="com.playground.services.ServiceCURDWithSteps" name="Verify if the service was added to the application"/><testcase classname="com.playground.services.ServiceCURDWithSteps" name="Update the service information and verify the updated information"/><testcase classname="com.playground.services.ServiceCURDWithSteps" name="Delete the service and verify if the service is deleted!"/></testsuite>