<?xml version="1.0" encoding="UTF-8"?><testsuite errors="0" failures="0" name="com.playground.products.ProductCURDTest" skipped="0" tests="4" time="0.7" timestamp="2022-06-21T18:52:37.997+01:00[Europe/London]"><testcase classname="com.playground.products.ProductCURDTest" name="This will create a new product"/><testcase classname="com.playground.products.ProductCURDTest" name="Verify if the product is added to the application"/><testcase classname="com.playground.products.ProductCURDTest" name="Update the product information and verify the updated information"/><testcase classname="com.playground.products.ProductCURDTest" name="Delete the product and verify if the product is deleted!"/></testsuite>